#
# There is insufficient memory for the Java Runtime Environment to continue.
# Native memory allocation (malloc) failed to allocate 271584 bytes for Chunk::new
# Possible reasons:
#   The system is out of physical RAM or swap space
#   The process is running with CompressedOops enabled, and the Java Heap may be blocking the growth of the native heap
# Possible solutions:
#   Reduce memory load on the system
#   Increase physical memory or swap space
#   Check if swap backing store is full
#   Decrease Java heap size (-Xmx/-Xms)
#   Decrease number of Java threads
#   Decrease Java thread stack sizes (-Xss)
#   Set larger code cache with -XX:ReservedCodeCacheSize=
#   JVM is running with Unscaled Compressed Oops mode in which the Java heap is
#     placed in the first 4GB address space. The Java Heap base address is the
#     maximum limit for the native heap growth. Please use -XX:HeapBaseMinAddress
#     to set the Java Heap base and to place the Java Heap above 4GB virtual address.
# This output file may be truncated or incomplete.
#
#  Out of Memory Error (arena.cpp:189), pid=7468, tid=7348
#
# JRE version: Java(TM) SE Runtime Environment (17.0.12+8) (build 17.0.12+8-LTS-286)
# Java VM: Java HotSpot(TM) 64-Bit Server VM (17.0.12+8-LTS-286, mixed mode, sharing, tiered, compressed oops, compressed class ptrs, g1 gc, windows-amd64)
# No core dump will be written. Minidumps are not enabled by default on client versions of Windows
#

---------------  S U M M A R Y ------------

Command Line: -Dfile.encoding=UTF-8 -Duser.country=CN -Duser.language=zh -Duser.variant net.minecraftforge.fart.Main --input E:\MinecraftMODs\UmoiftNG\Main\1.00NG\build\libs\umoiftng-1.00(NG)(Umoift0.0.0.5).jar --output E:\MinecraftMODs\UmoiftNG\Main\1.00NG\build\reobfJar\output.jar --names E:\MinecraftMODs\UmoiftNG\Main\1.00NG\build\reobfJar\mappings.tsrg --lib C:\Users\Administrator\.gradle\caches\forge_gradle\minecraft_user_repo\net\minecraftforge\forge\1.20.1-47.4.10_mapped_official_1.20.1\forge-1.20.1-47.4.10_mapped_official_1.20.1.jar --lib C:\Users\Administrator\.gradle\caches\forge_gradle\minecraft_repo\versions\1.20.1\client-extra.jar --lib C:\Users\Administrator\.gradle\caches\modules-2\files-2.1\net.minecraftforge\fmlloader\1.20.1-47.4.10\55c46d27e7cfc8b829af8a28e562a7d290fa38b6\fmlloader-1.20.1-47.4.10.jar --lib C:\Users\Administrator\.gradle\caches\modules-2\files-2.1\net.minecraftforge\JarJarSelector\0.3.19\376cc9c8ea60720cf027c01fc033de915699801c\JarJarSelector-0.3.19.jar --lib C:\Users\Administrator\.gradle\caches\modules-2\files-2.1\net.minecraftforge\JarJarMetadata\0.3.19\83feaa9b770e6ac0e96ee4fc23fa89325c5fe2\JarJarMetadata-0.3.19.jar --lib C:\Users\Administrator\.gradle\caches\modules-2\files-2.1\com.google.guava\guava\31.1-jre\60458f877d055d0c9114d9e1a2efb737b4bc282c\guava-31.1-jre.jar --lib C:\Users\Administrator\.gradle\caches\modules-2\files-2.1\com.google.code.findbugs\jsr305\3.0.2\25ea2e8b0c338a877313bd4672d3fe056ea78f0d\jsr305-3.0.2.jar --lib C:\Users\Administrator\.gradle\caches\modules-2\files-2.1\ca.weblite\java-objc-bridge\1.1\1227f9e0666314f9de41477e3ec277e542ed7f7b\java-objc-bridge-1.1.jar --lib C:\Users\Administrator\.gradle\caches\modules-2\files-2.1\net.minecraftforge\forgespi\7.0.1\3b4972a0cdb135853dba219be61a79b22cff1309\forgespi-7.0.1.jar --lib C:\Users\Administrator\.gradle\caches\modules-2\files-2.1\net.minecraftforge\mergetool\1.1.5\f3da18e12c696d35a47c82cbb2cc8b5aa15e1154\mergetool-1.1.5-api.jar --lib C:\Users\Administrator\.gradle\caches\modules-2\files-2.1\org.jetbrains\annotations\24.0.1\13c5c75c4206580aa4d683bffee658caae6c9f43\annotations-24.0.1.jar --lib C:\Users\Administrator\.gradle\caches\modules-2\files-2.1\cpw.mods\securejarhandler\2.1.10\51e6a22c6c716beb11e244bf5b8be480f51dd6b5\securejarhandler-2.1.10.jar --lib C:\Users\Administrator\.gradle\caches\modules-2\files-2.1\net.minecraftforge\coremods\5.2.4\e30bab269d896613e38396274711410b3a0e4b87\coremods-5.2.4.jar --lib C:\Users\Administrator\.gradle\caches\modules-2\files-2.1\cpw.mods\modlauncher\10.0.9\6d9443f56f50bb85cea383686ff9c867391458b\modlauncher-10.0.9.jar --lib C:\Users\Administrator\.gradle\caches\modules-2\files-2.1\org.openjdk.nashorn\nashorn-core\15.4\f67f5ffaa5f5130cf6fb9b133da00c7df3b532a5\nashorn-core-15.4.jar --lib C:\Users\Administrator\.gradle\caches\modules-2\files-2.1\org.ow2.asm\asm-commons\9.8\36e4d212970388e5bd2c5180292012502df461bb\asm-commons-9.8.jar --lib C:\Users\Administrator\.gradle\caches\modules-2\files-2.1\org.ow2.asm\asm-util\9.8\395f1c1f035258511f27bc9b2583d76e4b143f59\asm-util-9.8.jar --lib C:\Users\Administrator\.gradle\caches\modules-2\files-2.1\org.ow2.asm\asm-analysis\9.8\b9747a320844b6cb1eacd90d8ecfd260a16c01d3\asm-analysis-9.8.jar --lib C:\Users\Administrator\.gradle\caches\modules-2\files-2.1\org.ow2.asm\asm-tree\9.8\18419ca5b77a2f81097c741e7872e6ab8d2f40d\asm-tree-9.8.jar --lib C:\Users\Administrator\.gradle\caches\modules-2\files-2.1\org.ow2.asm\asm\9.8\dc19ecb3f7889b7860697215cae99c0f9b6f6b4b\asm-9.8.jar --lib C:\Users\Administrator\.gradle\caches\modules-2\files-2.1\net.minecraftforge\accesstransformers\8.0.4\272d240aa73f42195b2a68e2ebd8b701ecf41f63\accesstransformers-8.0.4.jar --lib C:\Users\Administrator\.gradle\caches\modules-2\files-2.1\org.antlr\antlr4\4.9.1\e92af8ab33e428461927b484e90bb155a4f3a052\antlr4-4.9.1.jar --lib C:\Users\Administrator\.gradle\caches\modules-2\files-2.1\org.antlr\antlr4-runtime\4.9.1\428664f05d2b7f7b7610204b5aa7c1763f62011a\antlr4-runtime-4.9.1.jar --lib C:\Users\Administrator\.gradle\caches\modules-2\files-2.1\net.minecraftforge\fmlcore\1.20.1-47.4.10\94dae566be650566ea9115a1414ab76bfcf5a804\fmlcore-1.20.1-47.4.10.jar --lib C:\Users\Administrator\.gradle\caches\modules-2\files-2.1\net.minecraftforge\eventbus\6.0.5\699143dd438431d06b57416944f7cedbe52e1475\eventbus-6.0.5.jar --lib C:\Users\Administrator\.gradle\caches\modules-2\files-2.1\net.minecraftforge\unsafe\0.2.0\54d7a0a5e8fdb71b973025caa46f341ae5904f39\unsafe-0.2.0.jar --lib C:\Users\Administrator\.gradle\caches\modules-2\files-2.1\com.electronwill.night-config\toml\3.6.4\51d6cefb2b55ee55ee26b16391212fb2c7dfb4f4\toml-3.6.4.jar --lib C:\Users\Administrator\.gradle\caches\modules-2\files-2.1\com.electronwill.night-config\core\3.6.4\510f174abbf1c947494db50ef2445683bd52c230\core-3.6.4.jar --lib C:\Users\Administrator\.gradle\caches\modules-2\files-2.1\org.apache.maven\maven-artifact\3.8.5\4433f50c07debefaed0553bd0068f4f48d449313\maven-artifact-3.8.5.jar --lib C:\Users\Administrator\.gradle\caches\modules-2\files-2.1\net.jodah\typetools\0.6.3\a01aaa6ddaea9ec07ec4f209487b7a46a526283a\typetools-0.6.3.jar --lib C:\Users\Administrator\.gradle\caches\modules-2\files-2.1\net.minecrell\terminalconsoleappender\1.2.0\96d02cd3b384ff015a8fef4223bcb4ccf1717c95\terminalconsoleappender-1.2.0.jar --lib C:\Users\Administrator\.gradle\caches\modules-2\files-2.1\org.jline\jline-reader\3.12.1\4382ab1382c7b6f379377ed5f665dc2f6e1218bc\jline-reader-3.12.1.jar --lib C:\Users\Administrator\.gradle\caches\modules-2\files-2.1\org.jline\jline-terminal\3.12.1\c777448314e050d980a6b697c140f3bfe9eb7416\jline-terminal-3.12.1.jar --lib C:\Users\Administrator\.gradle\caches\modules-2\files-2.1\org.spongepowered\mixin\0.8.5\9d1c0c3a304ae6697ecd477218fa61b850bf57fc\mixin-0.8.5.jar --lib C:\Users\Administrator\.gradle\caches\modules-2\files-2.1\cpw.mods\bootstraplauncher\1.1.2\c546e00443d8432cda6baa1c860346980742628\bootstraplauncher-1.1.2.jar --lib C:\Users\Administrator\.gradle\caches\modules-2\files-2.1\net.minecraftforge\JarJarFileSystems\0.3.19\2464eb7d6b9ddb9db36a82cf8a95193e5c6fe020\JarJarFileSystems-0.3.19.jar --lib C:\Users\Administrator\.gradle\caches\modules-2\files-2.1\net.minecraftforge\fmlearlydisplay\1.20.1-47.4.10\a262fa19e65f643aae210b4275b53bee053aa765\fmlearlydisplay-1.20.1-47.4.10.jar --lib C:\Users\Administrator\.gradle\caches\modules-2\files-2.1\net.minecraftforge\javafmllanguage\1.20.1-47.4.10\ccc533c7dd67e0983217197d7549c8b49e7ab453\javafmllanguage-1.20.1-47.4.10.jar --lib C:\Users\Administrator\.gradle\caches\modules-2\files-2.1\net.minecraftforge\lowcodelanguage\1.20.1-47.4.10\e9a2879fe3612ea34b9728ec2633304a1e67d480\lowcodelanguage-1.20.1-47.4.10.jar --lib C:\Users\Administrator\.gradle\caches\modules-2\files-2.1\net.minecraftforge\mclanguage\1.20.1-47.4.10\ec5cefbbc65c67302b8fac317010faab85fa14b9\mclanguage-1.20.1-47.4.10.jar --lib C:\Users\Administrator\.gradle\caches\modules-2\files-2.1\com.github.oshi\oshi-core\6.2.2\54f5efc19bca95d709d9a37d19ffcbba3d21c1a6\oshi-core-6.2.2.jar --lib C:\Users\Administrator\.gradle\caches\modules-2\files-2.1\com.google.code.gson\gson\2.10\dd9b193aef96e973d5a11ab13cd17430c2e4306b\gson-2.10.jar --lib C:\Users\Administrator\.gradle\caches\modules-2\files-2.1\com.google.guava\failureaccess\1.0.1\1dcf1de382a0bf95a3d8b0849546c88bac1292c9\failureaccess-1.0.1.jar --lib C:\Users\Administrator\.gradle\caches\modules-2\files-2.1\com.ibm.icu\icu4j\71.1\9e7d3304c23f9ba5cb71915f7cce23231a57a445\icu4j-71.1.jar --lib C:\Users\Administrator\.gradle\caches\modules-2\files-2.1\com.mojang\authlib\4.0.43\2ff9d747a77570a07a60d32ac77eb6162ad2a2d9\authlib-4.0.43.jar --lib C:\Users\Administrator\.gradle\caches\modules-2\files-2.1\com.mojang\blocklist\1.0.10\5c685c5ffa94c4cd39496c7184c1d122e515ecef\blocklist-1.0.10.jar --lib C:\Users\Administrator\.gradle\caches\modules-2\files-2.1\com.mojang\brigadier\1.1.8\5244ce82c3337bba4a196a3ce858bfaecc74404a\brigadier-1.1.8.jar --lib C:\Users\Administrator\.gradle\caches\modules-2\files-2.1\com.mojang\datafixerupper\6.0.8\3ba4a30557a9b057760af4011f909ba619fc5125\datafixerupper-6.0.8.jar --lib C:\Users\Administrator\.gradle\caches\modules-2\files-2.1\com.mojang\logging\1.1.1\832b8e6674a9b325a5175a3a6267dfaf34c85139\logging-1.1.1.jar --lib C:\Users\Administrator\.gradle\caches\modules-2\files-2.1\com.mojang\patchy\2.2.10\da05971b07cbb379d002cf7eaec6a2048211fefc\patchy-2.2.10.jar --lib C:\Users\Administrator\.gradle\caches\modules-2\files-2.1\com.mojang\text2speech\1.17.9\3cad216e3a7f0c19b4b394388bc9ffc446f13b14\text2speech-1.17.9.jar --lib C:\Users\Administrator\.gradle\caches\modules-2\files-2.1\org.apache.httpcomponents\httpclient\4.5.13\e5f6cae5ca7ecaac1ec2827a9e2d65ae2869cada\httpclient-4.5.13.jar --lib C:\Users\Administrator\.gradle\caches\modules-2\files-2.1\commons-codec\commons-codec\1.15\49d94806b6e3dc933dacbd8acb0fdbab8ebd1e5d\commons-codec-1.15.jar --lib C:\Users\Administrator\.gradle\caches\modules-2\files-2.1\commons-io\commons-io\2.11.0\a2503f302b11ebde7ebc3df41daebe0e4eea3689\commons-io-2.11.0.jar --lib C:\Users\Administrator\.gradle\caches\modules-2\files-2.1\commons-logging\commons-logging\1.2\4bfc12adfe4842bf07b657f0369c4cb522955686\commons-logging-1.2.jar --lib C:\Users\Administrator\.gradle\caches\modules-2\files-2.1\io.netty\netty-handler\4.1.82.Final\644041d1fa96a5d3130a29e8978630d716d76e38\netty-handler-4.1.82.Final.jar --lib C:\Users\Administrator\.gradle\caches\modules-2\files-2.1\io.netty\netty-codec\4.1.82.Final\b77200379acb345a9ffdece1c605e591ac3e4e0a\netty-codec-4.1.82.Final.jar --lib C:\Users\Administrator\.gradle\caches\modules-2\files-2.1\io.netty\netty-transport-classes-epoll\4.1.82.Final\e7c7dd18deac93105797f30057c912651ea76521\netty-transport-classes-epoll-4.1.82.Final.jar --lib C:\Users\Administrator\.gradle\caches\modules-2\files-2.1\io.netty\netty-transport-native-unix-common\4.1.82.Final\3e895b35ca1b8a0eca56cacff4c2dde5d2c6abce\netty-transport-native-unix-common-4.1.82.Final.jar --lib C:\Users\Administrator\.gradle\caches\modules-2\files-2.1\io.netty\netty-transport\4.1.82.Final\e431a218d91acb6476ccad5f5aafde50aa3945ca\netty-transport-4.1.82.Final.jar --lib C:\Users\Administrator\.gradle\caches\modules-2\files-2.1\io.netty\netty-buffer\4.1.82.Final\a544270cf1ae8b8077082f5036436a9a9971ea71\netty-buffer-4.1.82.Final.jar --lib C:\Users\Administrator\.gradle\caches\modules-2\files-2.1\io.netty\netty-resolver\4.1.82.Final\38f665ae8dcd29032eea31245ba7806bed2e0fa8\netty-resolver-4.1.82.Final.jar --lib C:\Users\Administrator\.gradle\caches\modules-2\files-2.1\io.netty\netty-common\4.1.82.Final\22d148e85c3f5ebdacc0ce1f5aabb1d420f73f3\netty-common-4.1.82.Final.jar --lib C:\Users\Administrator\.gradle\caches\modules-2\files-2.1\it.unimi.dsi\fastutil\8.5.9\bb7ea75ecdb216654237830b3a96d87ad91f8cc5\fastutil-8.5.9.jar --lib C:\Users\Administrator\.gradle\caches\modules-2\files-2.1\net.java.dev.jna\jna-platform\5.12.1\97406a297c852f4a41e688a176ec675f72e8329\jna-platform-5.12.1.jar --lib C:\Users\Administrator\.gradle\caches\modules-2\files-2.1\net.java.dev.jna\jna\5.12.1\b1e93a735caea94f503e95e6fe79bf9cdc1e985d\jna-5.12.1.jar --lib C:\Users\Administrator\.gradle\caches\modules-2\files-2.1\net.sf.jopt-simple\jopt-simple\5.0.4\4fdac2fbe92dfad86aa6e9301736f6b4342a3f5c\jopt-simple-5.0.4.jar --lib C:\Users\Administrator\.gradle\caches\modules-2\files-2.1\org.apache.commons\commons-compress\1.21\4ec95b60d4e86b5c95a0e919cb172a0af98011ef\commons-compress-1.21.jar --lib C:\Users\Administrator\.gradle\caches\modules-2\files-2.1\org.apache.commons\commons-lang3\3.12.0\c6842c86792ff03b9f1d1fe2aab8dc23aa6c6f0e\commons-lang3-3.12.0.jar --lib C:\Users\Administrator\.gradle\caches\modules-2\files-2.1\org.apache.httpcomponents\httpcore\4.4.15\7f2e0c573eaa7a74bac2e89b359e1f73d92a0a1d\httpcore-4.4.15.jar --lib C:\Users\Administrator\.gradle\caches\modules-2\files-2.1\org.apache.logging.log4j\log4j-core\2.19.0\3b6eeb4de4c49c0fe38a4ee27188ff5fee44d0bb\log4j-core-2.19.0.jar --lib C:\Users\Administrator\.gradle\caches\modules-2\files-2.1\org.apache.logging.log4j\log4j-slf4j2-impl\2.19.0\5c04bfdd63ce9dceb2e284b81e96b6a70010ee10\log4j-slf4j2-impl-2.19.0.jar --lib C:\Users\Administrator\.gradle\caches\modules-2\files-2.1\org.apache.logging.log4j\log4j-api\2.19.0\ea1b37f38c327596b216542bc636cfdc0b8036fa\log4j-api-2.19.0.jar --lib C:\Users\Administrator\.gradle\caches\modules-2\files-2.1\org.joml\joml\1.10.5\22566d58af70ad3d72308bab63b8339906deb649\joml-1.10.5.jar --lib C:\Users\Administrator\.gradle\caches\modules-2\files-2.1\org.lwjgl\lwjgl-glfw\3.3.1\cbac1b8d30cb4795149c1ef540f912671a8616d0\lwjgl-glfw-3.3.1.jar --lib C:\Users\Administrator\.gradle\caches\modules-2\files-2.1\org.lwjgl\lwjgl-glfw\3.3.1\ed892f945cf7e79c8756796f32d00fa4ceaf573b\lwjgl-glfw-3.3.1-natives-windows.jar --lib C:\Users\Administrator\.gradle\caches\modules-2\files-2.1\org.lwjgl\lwjgl-glfw\3.3.1\beda65ee503443e60aa196d58ed31f8d001dc22a\lwjgl-glfw-3.3.1-natives-windows-arm64.jar --lib C:\Users\Administrator\.gradle\caches\modules-2\files-2.1\org.lwjgl\lwjgl-glfw\3.3.1\b997e3391d6ce8f05487e7335d95c606043884a1\lwjgl-glfw-3.3.1-natives-windows-x86.jar --lib C:\Users\Administrator\.gradle\caches\modules-2\files-2.1\org.lwjgl\lwjgl-jemalloc\3.3.1\a817bcf213db49f710603677457567c37d53e103\lwjgl-jemalloc-3.3.1.jar --lib C:\Users\Administrator\.gradle\caches\modules-2\files-2.1\org.lwjgl\lwjgl-jemalloc\3.3.1\948a89b76a16aa324b046ae9308891216ffce5f9\lwjgl-jemalloc-3.3.1-natives-windows.jar --lib C:\Users\Administrator\.gradle\caches\modules-2\files-2.1\org.lwjgl\lwjgl-jemalloc\3.3.1\cae85c4edb219c88b6a0c26a87955ad98dc9519d\lwjgl-jemalloc-3.3.1-natives-windows-arm64.jar --lib C:\Users\Administrator\.gradle\caches\modules-2\files-2.1\org.lwjgl\lwjgl-jemalloc\3.3.1\fb476c8ec110e1c137ad3ce8a7f7bfe6b11c6324\lwjgl-jemalloc-3.3.1-natives-windows-x86.jar --lib C:\Users\Administrator\.gradle\caches\modules-2\files-2.1\org.lwjgl\lwjgl-openal\3.3.1\2623a6b8ae1dfcd880738656a9f0243d2e6840bd\lwjgl-openal-3.3.1.jar --lib C:\Users\Administrator\.gradle\caches\modules-2\files-2.1\org.lwjgl\lwjgl-openal\3.3.1\30a474d0e57193d7bc128849a3ab66bc9316fdb1\lwjgl-openal-3.3.1-natives-windows.jar --lib C:\Users\Administrator\.gradle\caches\modules-2\files-2.1\org.lwjgl\lwjgl-openal\3.3.1\40d65f1a7368a2aa47336f9cb69f5a190cf9975a\lwjgl-openal-3.3.1-natives-windows-arm64.jar --lib C:\Users\Administrator\.gradle\caches\modules-2\files-2.1\org.lwjgl\lwjgl-openal\3.3.1\888349f7b1be6fbae58bf8edfb9ef12def04c4e3\lwjgl-openal-3.3.1-natives-windows-x86.jar --lib C:\Users\Administrator\.gradle\caches\modules-2\files-2.1\org.lwjgl\lwjgl-opengl\3.3.1\831a5533a21a5f4f81bbc51bb13e9899319b5411\lwjgl-opengl-3.3.1.jar --lib C:\Users\Administrator\.gradle\caches\modules-2\files-2.1\org.lwjgl\lwjgl-opengl\3.3.1\c1807e9bd571402787d7e37e3029776ae2513bb8\lwjgl-opengl-3.3.1-natives-windows.jar --lib C:\Users\Administrator\.gradle\caches\modules-2\files-2.1\org.lwjgl\lwjgl-opengl\3.3.1\527d78f1e9056aff3ed02ce93019c73c5e8f1721\lwjgl-opengl-3.3.1-natives-windows-arm64.jar --lib C:\Users\Administrator\.gradle\caches\modules-2\files-2.1\org.lwjgl\lwjgl-opengl\3.3.1\deef3eb9b178ff2ff3ce893cc72ae741c3a17974\lwjgl-opengl-3.3.1-natives-windows-x86.jar --lib C:\Users\Administrator\.gradle\caches\modules-2\files-2.1\org.lwjgl\lwjgl-stb\3.3.1\b119297cf8ed01f247abe8685857f8e7fcf5980f\lwjgl-stb-3.3.1.jar --lib C:\Users\Administrator\.gradle\caches\modules-2\files-2.1\org.lwjgl\lwjgl-stb\3.3.1\86315914ac119efdb02dc9e8e978ade84f1702af\lwjgl-stb-3.3.1-natives-windows.jar --lib C:\Users\Administrator\.gradle\caches\modules-2\files-2.1\org.lwjgl\lwjgl-stb\3.3.1\fde63cdd2605c00636721a6c8b961e41d1f6b247\lwjgl-stb-3.3.1-natives-windows-arm64.jar --lib C:\Users\Administrator\.gradle\caches\modules-2\files-2.1\org.lwjgl\lwjgl-stb\3.3.1\a8d41f419eecb430b7c91ea2ce2c5c451cae2091\lwjgl-stb-3.3.1-natives-windows-x86.jar --lib C:\Users\Administrator\.gradle\caches\modules-2\files-2.1\org.lwjgl\lwjgl-tinyfd\3.3.1\ff1914111ef2e3e0110ef2dabc8d8cdaad82347\lwjgl-tinyfd-3.3.1.jar --lib C:\Users\Administrator\.gradle\caches\modules-2\files-2.1\org.lwjgl\lwjgl-tinyfd\3.3.1\a5d830475ec0958d9fdba1559efa99aef211e6ff\lwjgl-tinyfd-3.3.1-natives-windows.jar --lib C:\Users\Administrator\.gradle\caches\modules-2\files-2.1\org.lwjgl\lwjgl-tinyfd\3.3.1\83a5e780df610829ff3a737822b4f931cffecd91\lwjgl-tinyfd-3.3.1-natives-windows-arm64.jar --lib C:\Users\Administrator\.gradle\caches\modules-2\files-2.1\org.lwjgl\lwjgl-tinyfd\3.3.1\842eedd876fae354abc308c98a263f6bbc9e8a4d\lwjgl-tinyfd-3.3.1-natives-windows-x86.jar --lib C:\Users\Administrator\.gradle\caches\modules-2\files-2.1\org.lwjgl\lwjgl\3.3.1\ae58664f88e18a9bb2c77b063833ca7aaec484cb\lwjgl-3.3.1.jar --lib C:\Users\Administrator\.gradle\caches\modules-2\files-2.1\org.lwjgl\lwjgl\3.3.1\36c37f16ab611b3aa11f3bcf80b1d509b4ce6b\lwjgl-3.3.1-natives-windows.jar --lib C:\Users\Administrator\.gradle\caches\modules-2\files-2.1\org.lwjgl\lwjgl\3.3.1\f46cadcf95675908fd3a550d63d9d709cb68998\lwjgl-3.3.1-natives-windows-arm64.jar --lib C:\Users\Administrator\.gradle\caches\modules-2\files-2.1\org.lwjgl\lwjgl\3.3.1\3b14f4beae9dd39791ec9e12190a9380cd8a3ce6\lwjgl-3.3.1-natives-windows-x86.jar --lib C:\Users\Administrator\.gradle\caches\modules-2\files-2.1\com.machinezoo.noexception\noexception\1.7.1\b65330c98e38a1f915fa54a6e5eca496505e3f0a\noexception-1.7.1.jar --lib C:\Users\Administrator\.gradle\caches\modules-2\files-2.1\org.slf4j\slf4j-api\2.0.1\f48d81adce2abf5ad3cfe463df517952749e03bc\slf4j-api-2.0.1.jar --lib C:\Users\Administrator\.gradle\caches\modules-2\files-2.1\org.codehaus.plexus\plexus-utils\3.3.0\cf43b5391de623b36fe066a21127baef82c64022\plexus-utils-3.3.0.jar --lib C:\Users\Administrator\.gradle\caches\modules-2\files-2.1\com.google.guava\listenablefuture\9999.0-empty-to-avoid-conflict-with-guava\b421526c5f297295adef1c886e5246c39d4ac629\listenablefuture-9999.0-empty-to-avoid-conflict-with-guava.jar --lib C:\Users\Administrator\.gradle\caches\modules-2\files-2.1\org.checkerframework\checker-qual\3.12.0\d5692f0526415fcc6de94bb5bfbd3afd9dd3b3e5\checker-qual-3.12.0.jar --lib C:\Users\Administrator\.gradle\caches\modules-2\files-2.1\com.google.errorprone\error_prone_annotations\2.11.0\c5a0ace696d3f8b1c1d8cc036d8c03cc0cbe6b69\error_prone_annotations-2.11.0.jar --lib C:\Users\Administrator\.gradle\caches\modules-2\files-2.1\com.google.j2objc\j2objc-annotations\1.3\ba035118bc8bac37d7eff77700720999acd9986d\j2objc-annotations-1.3.jar --lib C:\Users\Administrator\.gradle\caches\modules-2\files-2.1\org.antlr\ST4\4.3\92f2c1ad8d84abcbeead6cf7f2c53a04166293c2\ST4-4.3.jar --lib C:\Users\Administrator\.gradle\caches\modules-2\files-2.1\org.antlr\antlr-runtime\3.5.2\cd9cd41361c155f3af0f653009dcecb08d8b4afd\antlr-runtime-3.5.2.jar --lib C:\Users\Administrator\.gradle\caches\modules-2\files-2.1\org.abego.treelayout\org.abego.treelayout.core\1.0.3\457216e8e6578099ae63667bb1e4439235892028\org.abego.treelayout.core-1.0.3.jar --lib C:\Users\Administrator\.gradle\caches\modules-2\files-2.1\org.glassfish\javax.json\1.0.4\3178f73569fd7a1e5ffc464e680f7a8cc784b85a\javax.json-1.0.4.jar --disable-abstract-param

Host: Intel(R) Core(TM) i5-3210M CPU @ 2.50GHz, 4 cores, 3G,  Windows 10 , 64 bit Build 19041 (10.0.19041.5915)
Time: Sun Dec 14 11:31:22 2025  Windows 10 , 64 bit Build 19041 (10.0.19041.5915) elapsed time: 2.355413 seconds (0d 0h 0m 2s)

---------------  T H R E A D  ---------------

Current thread (0x0000021b573e7df0):  JavaThread "C2 CompilerThread0" daemon [_thread_in_native, id=7348, stack(0x00000073a9600000,0x00000073a9700000)]


Current CompileTask:
C2:   2414  426       4       java.lang.String::split (327 bytes)

Stack: [0x00000073a9600000,0x00000073a9700000]
Native frames: (J=compiled Java code, j=interpreted, Vv=VM code, C=native code)
V  [jvm.dll+0x67a04a]
V  [jvm.dll+0x7da4ed]
V  [jvm.dll+0x7dbe33]
V  [jvm.dll+0x7dc4a3]
V  [jvm.dll+0x24508f]
V  [jvm.dll+0xab773]
V  [jvm.dll+0xabd3c]
V  [jvm.dll+0x361bee]
V  [jvm.dll+0x1ba45a]
V  [jvm.dll+0x216997]
V  [jvm.dll+0x215c6f]
V  [jvm.dll+0x1a2960]
V  [jvm.dll+0x22610b]
V  [jvm.dll+0x2242ab]
V  [jvm.dll+0x79075c]
V  [jvm.dll+0x78abea]
V  [jvm.dll+0x678f35]
C  [ucrtbase.dll+0x21bb2]
C  [KERNEL32.DLL+0x17374]
C  [ntdll.dll+0x4cc91]


---------------  P R O C E S S  ---------------

Threads class SMR info:
_java_thread_list=0x0000021b59981680, length=12, elements={
0x0000021b3c4ee8e0, 0x0000021b573ba070, 0x0000021b573bac00, 0x0000021b573d07d0,
0x0000021b573d10a0, 0x0000021b573d1970, 0x0000021b573d2610, 0x0000021b573e7df0,
0x0000021b573d79a0, 0x0000021b573daec0, 0x0000021b59970340, 0x0000021b59981ca0
}

Java Threads: ( => current thread )
  0x0000021b3c4ee8e0 JavaThread "main" [_thread_blocked, id=7628, stack(0x00000073a8900000,0x00000073a8a00000)]
  0x0000021b573ba070 JavaThread "Reference Handler" daemon [_thread_blocked, id=2680, stack(0x00000073a9000000,0x00000073a9100000)]
  0x0000021b573bac00 JavaThread "Finalizer" daemon [_thread_blocked, id=8808, stack(0x00000073a9100000,0x00000073a9200000)]
  0x0000021b573d07d0 JavaThread "Signal Dispatcher" daemon [_thread_blocked, id=5316, stack(0x00000073a9200000,0x00000073a9300000)]
  0x0000021b573d10a0 JavaThread "Attach Listener" daemon [_thread_blocked, id=2544, stack(0x00000073a9300000,0x00000073a9400000)]
  0x0000021b573d1970 JavaThread "Service Thread" daemon [_thread_blocked, id=9204, stack(0x00000073a9400000,0x00000073a9500000)]
  0x0000021b573d2610 JavaThread "Monitor Deflation Thread" daemon [_thread_blocked, id=2104, stack(0x00000073a9500000,0x00000073a9600000)]
=>0x0000021b573e7df0 JavaThread "C2 CompilerThread0" daemon [_thread_in_native, id=7348, stack(0x00000073a9600000,0x00000073a9700000)]
  0x0000021b573d79a0 JavaThread "C1 CompilerThread0" daemon [_thread_blocked, id=9904, stack(0x00000073a9700000,0x00000073a9800000)]
  0x0000021b573daec0 JavaThread "Sweeper thread" daemon [_thread_blocked, id=7120, stack(0x00000073a9800000,0x00000073a9900000)]
  0x0000021b59970340 JavaThread "Notification Thread" daemon [_thread_blocked, id=5736, stack(0x00000073a9900000,0x00000073a9a00000)]
  0x0000021b59981ca0 JavaThread "Common-Cleaner" daemon [_thread_blocked, id=8816, stack(0x00000073a9b00000,0x00000073a9c00000)]

Other Threads:
  0x0000021b573b4e70 VMThread "VM Thread" [stack: 0x00000073a8f00000,0x00000073a9000000] [id=2696]
  0x0000021b57235bb0 WatcherThread [stack: 0x00000073a9a00000,0x00000073a9b00000] [id=5264]
  0x0000021b5722f160 GCTaskThread "GC Thread#0" [stack: 0x00000073a8a00000,0x00000073a8b00000] [id=9040]
  0x0000021b59a40790 GCTaskThread "GC Thread#1" [stack: 0x00000073a9c00000,0x00000073a9d00000] [id=3704]
  0x0000021b59a973d0 GCTaskThread "GC Thread#2" [stack: 0x00000073a9d00000,0x00000073a9e00000] [id=10464]
  0x0000021b5722fc50 ConcurrentGCThread "G1 Main Marker" [stack: 0x00000073a8b00000,0x00000073a8c00000] [id=1288]
  0x0000021b3e9ebc20 ConcurrentGCThread "G1 Conc#0" [stack: 0x00000073a8c00000,0x00000073a8d00000] [id=5180]
  0x0000021b5726dce0 ConcurrentGCThread "G1 Refine#0" [stack: 0x00000073a8d00000,0x00000073a8e00000] [id=3184]
  0x0000021b59b91ff0 ConcurrentGCThread "G1 Refine#1" [stack: 0x00000073a9e00000,0x00000073a9f00000] [id=6476]
  0x0000021b59aadeb0 ConcurrentGCThread "G1 Refine#2" [stack: 0x00000073a9f00000,0x00000073aa000000] [id=2856]
  0x0000021b5726e3c0 ConcurrentGCThread "G1 Service" [stack: 0x00000073a8e00000,0x00000073a8f00000] [id=9068]

Threads with active compile tasks:
C2 CompilerThread0     3483  426       4       java.lang.String::split (327 bytes)

VM state: at safepoint (normal execution)

VM Mutex/Monitor currently owned by a thread:  ([mutex/lock_event])
[0x0000021b3c4ece50] Threads_lock - owner thread: 0x0000021b573b4e70
[0x0000021b3c4ec820] Heap_lock - owner thread: 0x0000021b3c4ee8e0

Heap address: 0x00000000c6c00000, size: 916 MB, Compressed Oops mode: 32-bit

CDS archive(s) mapped at: [0x0000021b5a000000-0x0000021b5abd0000-0x0000021b5abd0000), size 12386304, SharedBaseAddress: 0x0000021b5a000000, ArchiveRelocationMode: 1.
Compressed class space mapped at: 0x0000021b5b000000-0x0000021b9b000000, reserved size: 1073741824
Narrow klass base: 0x0000021b5a000000, Narrow klass shift: 0, Narrow klass range: 0x100000000

GC Precious Log:
 CPUs: 4 total, 4 available
 Memory: 3661M
 Large Page Support: Disabled
 NUMA Support: Disabled
 Compressed Oops: Enabled (32-bit)
 Heap Region Size: 1M
 Heap Min Capacity: 8M
 Heap Initial Capacity: 58M
 Heap Max Capacity: 916M
 Pre-touch: Disabled
 Parallel Workers: 4
 Concurrent Workers: 1
 Concurrent Refinement Workers: 4
 Periodic GC: Disabled

Heap:
 garbage-first heap   total 59392K, used 36293K [0x00000000c6c00000, 0x0000000100000000)
  region size 1024K, 1 young (1024K), 1 survivors (1024K)
 Metaspace       used 940K, committed 1088K, reserved 1114112K
  class space    used 80K, committed 128K, reserved 1048576K

Heap Regions: E=young(eden), S=young(survivor), O=old, HS=humongous(starts), HC=humongous(continues), CS=collection set, F=free, OA=open archive, CA=closed archive, TAMS=top-at-mark-start (previous, next)
|   0|0x00000000c6c00000, 0x00000000c6d00000, 0x00000000c6d00000|100%|HS|  |TAMS 0x00000000c6c00000, 0x00000000c6d00000| Complete 
|   1|0x00000000c6d00000, 0x00000000c6e00000, 0x00000000c6e00000|100%| O|  |TAMS 0x00000000c6d00000, 0x00000000c6e00000| Untracked 
|   2|0x00000000c6e00000, 0x00000000c6f00000, 0x00000000c6f00000|100%| O|  |TAMS 0x00000000c6e00000, 0x00000000c6f00000| Untracked 
|   3|0x00000000c6f00000, 0x00000000c7000000, 0x00000000c7000000|100%| O|  |TAMS 0x00000000c6f00000, 0x00000000c7000000| Untracked 
|   4|0x00000000c7000000, 0x00000000c7100000, 0x00000000c7100000|100%| O|  |TAMS 0x00000000c7000000, 0x00000000c7100000| Untracked 
|   5|0x00000000c7100000, 0x00000000c7200000, 0x00000000c7200000|100%| O|  |TAMS 0x00000000c7100000, 0x00000000c7200000| Untracked 
|   6|0x00000000c7200000, 0x00000000c7300000, 0x00000000c7300000|100%| O|  |TAMS 0x00000000c7200000, 0x00000000c7300000| Untracked 
|   7|0x00000000c7300000, 0x00000000c7400000, 0x00000000c7400000|100%| O|  |TAMS 0x00000000c7300000, 0x00000000c7400000| Untracked 
|   8|0x00000000c7400000, 0x00000000c7500000, 0x00000000c7500000|100%| O|  |TAMS 0x00000000c7400000, 0x00000000c7500000| Untracked 
|   9|0x00000000c7500000, 0x00000000c7600000, 0x00000000c7600000|100%|HS|  |TAMS 0x00000000c7500000, 0x00000000c7600000| Complete 
|  10|0x00000000c7600000, 0x00000000c7700000, 0x00000000c7700000|100%| O|  |TAMS 0x00000000c7600000, 0x00000000c7700000| Untracked 
|  11|0x00000000c7700000, 0x00000000c7800000, 0x00000000c7800000|100%| O|  |TAMS 0x00000000c7700000, 0x00000000c7800000| Untracked 
|  12|0x00000000c7800000, 0x00000000c7900000, 0x00000000c7900000|100%| O|  |TAMS 0x00000000c7800000, 0x00000000c7900000| Untracked 
|  13|0x00000000c7900000, 0x00000000c7a00000, 0x00000000c7a00000|100%| O|  |TAMS 0x00000000c7900000, 0x00000000c7a00000| Untracked 
|  14|0x00000000c7a00000, 0x00000000c7b00000, 0x00000000c7b00000|100%| O|  |TAMS 0x00000000c7a00000, 0x00000000c7b00000| Untracked 
|  15|0x00000000c7b00000, 0x00000000c7c00000, 0x00000000c7c00000|100%| O|  |TAMS 0x00000000c7b00000, 0x00000000c7c00000| Untracked 
|  16|0x00000000c7c00000, 0x00000000c7d00000, 0x00000000c7d00000|100%| O|  |TAMS 0x00000000c7c00000, 0x00000000c7d00000| Untracked 
|  17|0x00000000c7d00000, 0x00000000c7e00000, 0x00000000c7e00000|100%| O|  |TAMS 0x00000000c7d00000, 0x00000000c7e00000| Untracked 
|  18|0x00000000c7e00000, 0x00000000c7f00000, 0x00000000c7f00000|100%|HS|  |TAMS 0x00000000c7e00000, 0x00000000c7f00000| Complete 
|  19|0x00000000c7f00000, 0x00000000c8000000, 0x00000000c8000000|100%|HS|  |TAMS 0x00000000c7f00000, 0x00000000c8000000| Complete 
|  20|0x00000000c8000000, 0x00000000c8100000, 0x00000000c8100000|100%| O|  |TAMS 0x00000000c8000000, 0x00000000c8100000| Untracked 
|  21|0x00000000c8100000, 0x00000000c8200000, 0x00000000c8200000|100%| O|  |TAMS 0x00000000c8100000, 0x00000000c8200000| Untracked 
|  22|0x00000000c8200000, 0x00000000c8300000, 0x00000000c8300000|100%| O|  |TAMS 0x00000000c8200000, 0x00000000c8300000| Untracked 
|  23|0x00000000c8300000, 0x00000000c8400000, 0x00000000c8400000|100%| O|  |TAMS 0x00000000c8300000, 0x00000000c8400000| Untracked 
|  24|0x00000000c8400000, 0x00000000c8500000, 0x00000000c8500000|100%| O|  |TAMS 0x00000000c8400000, 0x00000000c8500000| Untracked 
|  25|0x00000000c8500000, 0x00000000c8600000, 0x00000000c8600000|100%| O|  |TAMS 0x00000000c8500000, 0x00000000c8600000| Untracked 
|  26|0x00000000c8600000, 0x00000000c8700000, 0x00000000c8700000|100%| O|  |TAMS 0x00000000c8600000, 0x00000000c8700000| Untracked 
|  27|0x00000000c8700000, 0x00000000c8800000, 0x00000000c8800000|100%| O|  |TAMS 0x00000000c8700000, 0x00000000c8800000| Untracked 
|  28|0x00000000c8800000, 0x00000000c8900000, 0x00000000c8900000|100%| O|  |TAMS 0x00000000c8800000, 0x00000000c8900000| Untracked 
|  29|0x00000000c8900000, 0x00000000c8a00000, 0x00000000c8a00000|100%| O|  |TAMS 0x00000000c8900000, 0x00000000c8980000| Untracked 
|  30|0x00000000c8a00000, 0x00000000c8b00000, 0x00000000c8b00000|100%| O|  |TAMS 0x00000000c8a00000, 0x00000000c8a00000| Untracked 
|  31|0x00000000c8b00000, 0x00000000c8c00000, 0x00000000c8c00000|100%| O|  |TAMS 0x00000000c8b00000, 0x00000000c8b00000| Untracked 
|  32|0x00000000c8c00000, 0x00000000c8d00000, 0x00000000c8d00000|100%| O|  |TAMS 0x00000000c8c00000, 0x00000000c8c00000| Untracked 
|  33|0x00000000c8d00000, 0x00000000c8e00000, 0x00000000c8e00000|100%| O|  |TAMS 0x00000000c8d00000, 0x00000000c8d00000| Untracked 
|  34|0x00000000c8e00000, 0x00000000c8e71400, 0x00000000c8f00000| 44%| O|  |TAMS 0x00000000c8e00000, 0x00000000c8e00000| Untracked 
|  35|0x00000000c8f00000, 0x00000000c8f00000, 0x00000000c9000000|  0%| F|  |TAMS 0x00000000c8f00000, 0x00000000c8f00000| Untracked 
|  36|0x00000000c9000000, 0x00000000c9000000, 0x00000000c9100000|  0%| F|  |TAMS 0x00000000c9000000, 0x00000000c9000000| Untracked 
|  37|0x00000000c9100000, 0x00000000c9100000, 0x00000000c9200000|  0%| F|  |TAMS 0x00000000c9100000, 0x00000000c9100000| Untracked 
|  38|0x00000000c9200000, 0x00000000c9200000, 0x00000000c9300000|  0%| F|  |TAMS 0x00000000c9200000, 0x00000000c9200000| Untracked 
|  39|0x00000000c9300000, 0x00000000c9300000, 0x00000000c9400000|  0%| F|  |TAMS 0x00000000c9300000, 0x00000000c9300000| Untracked 
|  40|0x00000000c9400000, 0x00000000c9400000, 0x00000000c9500000|  0%| F|  |TAMS 0x00000000c9400000, 0x00000000c9400000| Untracked 
|  41|0x00000000c9500000, 0x00000000c9500000, 0x00000000c9600000|  0%| F|  |TAMS 0x00000000c9500000, 0x00000000c9500000| Untracked 
|  42|0x00000000c9600000, 0x00000000c9600000, 0x00000000c9700000|  0%| F|  |TAMS 0x00000000c9600000, 0x00000000c9600000| Untracked 
|  43|0x00000000c9700000, 0x00000000c9700000, 0x00000000c9800000|  0%| F|  |TAMS 0x00000000c9700000, 0x00000000c9700000| Untracked 
|  44|0x00000000c9800000, 0x00000000c9800000, 0x00000000c9900000|  0%| F|  |TAMS 0x00000000c9800000, 0x00000000c9800000| Untracked 
|  45|0x00000000c9900000, 0x00000000c9900000, 0x00000000c9a00000|  0%| F|  |TAMS 0x00000000c9900000, 0x00000000c9900000| Untracked 
|  46|0x00000000c9a00000, 0x00000000c9a00000, 0x00000000c9b00000|  0%| F|  |TAMS 0x00000000c9a00000, 0x00000000c9a00000| Untracked 
|  47|0x00000000c9b00000, 0x00000000c9b00000, 0x00000000c9c00000|  0%| F|  |TAMS 0x00000000c9b00000, 0x00000000c9b00000| Untracked 
|  48|0x00000000c9c00000, 0x00000000c9c00000, 0x00000000c9d00000|  0%| F|  |TAMS 0x00000000c9c00000, 0x00000000c9c00000| Untracked 
|  49|0x00000000c9d00000, 0x00000000c9d00000, 0x00000000c9e00000|  0%| F|  |TAMS 0x00000000c9d00000, 0x00000000c9d00000| Untracked 
|  50|0x00000000c9e00000, 0x00000000c9e00000, 0x00000000c9f00000|  0%| F|  |TAMS 0x00000000c9e00000, 0x00000000c9e00000| Untracked 
|  51|0x00000000c9f00000, 0x00000000ca000000, 0x00000000ca000000|100%| S|CS|TAMS 0x00000000c9f00000, 0x00000000c9f00000| Complete 
|  52|0x00000000ca000000, 0x00000000ca000000, 0x00000000ca100000|  0%| F|  |TAMS 0x00000000ca000000, 0x00000000ca000000| Untracked 
|  53|0x00000000ca100000, 0x00000000ca100000, 0x00000000ca200000|  0%| F|  |TAMS 0x00000000ca100000, 0x00000000ca100000| Untracked 
|  54|0x00000000ca200000, 0x00000000ca200000, 0x00000000ca300000|  0%| F|  |TAMS 0x00000000ca200000, 0x00000000ca200000| Untracked 
|  55|0x00000000ca300000, 0x00000000ca300000, 0x00000000ca400000|  0%| F|  |TAMS 0x00000000ca300000, 0x00000000ca300000| Untracked 
|  56|0x00000000ca400000, 0x00000000ca400000, 0x00000000ca500000|  0%| F|  |TAMS 0x00000000ca400000, 0x00000000ca400000| Untracked 
|  57|0x00000000ca500000, 0x00000000ca500000, 0x00000000ca600000|  0%| F|  |TAMS 0x00000000ca500000, 0x00000000ca500000| Untracked 

Card table byte_map: [0x0000021b551e0000,0x0000021b553b0000] _byte_map_base: 0x0000021b54baa000

Marking Bits (Prev, Next): (CMBitMap*) 0x0000021b5722f590, (CMBitMap*) 0x0000021b5722f5d0
 Prev Bits: [0x0000021b55580000, 0x0000021b563d0000)
 Next Bits: [0x0000021b563d0000, 0x0000021b57220000)

Polling page: 0x0000021b3c3e0000

Metaspace:

Usage:
  Non-class:    860.41 KB used.
      Class:     80.09 KB used.
       Both:    940.49 KB used.

Virtual space:
  Non-class space:       64.00 MB reserved,     960.00 KB (  1%) committed,  1 nodes.
      Class space:        1.00 GB reserved,     128.00 KB ( <1%) committed,  1 nodes.
             Both:        1.06 GB reserved,       1.06 MB ( <1%) committed. 

Chunk freelists:
   Non-Class:  11.72 MB
       Class:  15.70 MB
        Both:  27.42 MB

MaxMetaspaceSize: unlimited
CompressedClassSpaceSize: 1.00 GB
Initial GC threshold: 21.00 MB
Current GC threshold: 21.00 MB
CDS: on
MetaspaceReclaimPolicy: balanced
 - commit_granule_bytes: 65536.
 - commit_granule_words: 8192.
 - virtual_space_node_default_size: 8388608.
 - enlarge_chunks_in_place: 1.
 - new_chunks_are_fully_committed: 0.
 - uncommit_free_chunks: 1.
 - use_allocation_guard: 0.
 - handle_deallocations: 1.


Internal statistics:

num_allocs_failed_limit: 0.
num_arena_births: 10.
num_arena_deaths: 0.
num_vsnodes_births: 2.
num_vsnodes_deaths: 0.
num_space_committed: 17.
num_space_uncommitted: 0.
num_chunks_returned_to_freelist: 0.
num_chunks_taken_from_freelist: 33.
num_chunk_merges: 0.
num_chunk_splits: 18.
num_chunks_enlarged: 13.
num_inconsistent_stats: 0.

CodeHeap 'non-profiled nmethods': size=120000Kb used=140Kb max_used=140Kb free=119859Kb
 bounds [0x0000021b4dcb0000, 0x0000021b4df20000, 0x0000021b551e0000]
CodeHeap 'profiled nmethods': size=120000Kb used=608Kb max_used=608Kb free=119391Kb
 bounds [0x0000021b461e0000, 0x0000021b46450000, 0x0000021b4d710000]
CodeHeap 'non-nmethods': size=5760Kb used=1100Kb max_used=1121Kb free=4659Kb
 bounds [0x0000021b4d710000, 0x0000021b4d980000, 0x0000021b4dcb0000]
 total_blobs=785 nmethods=410 adapters=288
 compilation: enabled
              stopped_count=0, restarted_count=0
 full_count=0

Compilation events (20 events):
Event: 1.466 Thread 0x0000021b573d79a0  402       3       java.util.LinkedHashMap$Entry::<init> (10 bytes)
Event: 1.466 Thread 0x0000021b573d79a0 nmethod 402 0x0000021b46275410 code [0x0000021b462755c0, 0x0000021b46275898]
Event: 1.466 Thread 0x0000021b573d79a0  403       3       java.util.LinkedHashMap::linkNodeLast (33 bytes)
Event: 1.467 Thread 0x0000021b573d79a0 nmethod 403 0x0000021b46275990 code [0x0000021b46275b40, 0x0000021b46275e58]
Event: 1.467 Thread 0x0000021b573d79a0  404       3       java.util.LinkedHashMap::afterNodeInsertion (40 bytes)
Event: 1.467 Thread 0x0000021b573d79a0 nmethod 404 0x0000021b46275f90 code [0x0000021b46276140, 0x0000021b46276338]
Event: 1.467 Thread 0x0000021b573d79a0  405       3       net.minecraftforge.fart.relocated.net.minecraftforge.srgutils.NamedMappingFile$Cls$Method::meta (14 bytes)
Event: 1.467 Thread 0x0000021b573e7df0 nmethod 400 0x0000021b4dccdf90 code [0x0000021b4dcce120, 0x0000021b4dcce558]
Event: 1.467 Thread 0x0000021b573d79a0 nmethod 405 0x0000021b46276410 code [0x0000021b462765c0, 0x0000021b462767a8]
Event: 1.469 Thread 0x0000021b573e7df0  406       4       java.util.HashMap::putVal (300 bytes)
Event: 1.480 Thread 0x0000021b573d79a0  410       3       net.minecraftforge.fart.relocated.net.minecraftforge.srgutils.NamedMappingFile::addClass (6 bytes)
Event: 1.480 Thread 0x0000021b573d79a0 nmethod 410 0x0000021b46276890 code [0x0000021b46276a40, 0x0000021b46276b88]
Event: 1.480 Thread 0x0000021b573d79a0  411       3       net.minecraftforge.fart.relocated.net.minecraftforge.srgutils.NamedMappingFile::addClass (28 bytes)
Event: 1.481 Thread 0x0000021b573d79a0 nmethod 411 0x0000021b46276c10 code [0x0000021b46276de0, 0x0000021b46277168]
Event: 1.503 Thread 0x0000021b573d79a0  416       3       net.minecraftforge.fart.relocated.net.minecraftforge.srgutils.NamedMappingFile$Cls::<init> (45 bytes)
Event: 1.503 Thread 0x0000021b573d79a0 nmethod 416 0x0000021b46277310 code [0x0000021b46277520, 0x0000021b46277e18]
Event: 1.504 Thread 0x0000021b573e7df0 nmethod 406 0x0000021b4dcce710 code [0x0000021b4dcce900, 0x0000021b4dccfad8]
Event: 1.504 Thread 0x0000021b573e7df0  413       4       java.lang.String::split (327 bytes)
Event: 1.556 Thread 0x0000021b573e7df0 nmethod 413 0x0000021b4dcd0110 code [0x0000021b4dcd0380, 0x0000021b4dcd2190]
Event: 1.556 Thread 0x0000021b573e7df0  426       4       java.lang.String::split (327 bytes)

GC Heap History (9 events):
Event: 0.585 GC heap before
{Heap before GC invocations=0 (full 0):
 garbage-first heap   total 59392K, used 14336K [0x00000000c6c00000, 0x0000000100000000)
  region size 1024K, 13 young (13312K), 0 survivors (0K)
 Metaspace       used 846K, committed 960K, reserved 1114112K
  class space    used 71K, committed 128K, reserved 1048576K
}
Event: 0.601 GC heap after
{Heap after GC invocations=1 (full 0):
 garbage-first heap   total 59392K, used 11168K [0x00000000c6c00000, 0x0000000100000000)
  region size 1024K, 2 young (2048K), 2 survivors (2048K)
 Metaspace       used 846K, committed 960K, reserved 1114112K
  class space    used 71K, committed 128K, reserved 1048576K
}
Event: 0.625 GC heap before
{Heap before GC invocations=1 (full 0):
 garbage-first heap   total 59392K, used 19360K [0x00000000c6c00000, 0x0000000100000000)
  region size 1024K, 9 young (9216K), 2 survivors (2048K)
 Metaspace       used 846K, committed 960K, reserved 1114112K
  class space    used 71K, committed 128K, reserved 1048576K
}
Event: 0.637 GC heap after
{Heap after GC invocations=2 (full 0):
 garbage-first heap   total 59392K, used 19968K [0x00000000c6c00000, 0x0000000100000000)
  region size 1024K, 2 young (2048K), 2 survivors (2048K)
 Metaspace       used 846K, committed 960K, reserved 1114112K
  class space    used 71K, committed 128K, reserved 1048576K
}
Event: 1.490 GC heap before
{Heap before GC invocations=2 (full 0):
 garbage-first heap   total 59392K, used 30208K [0x00000000c6c00000, 0x0000000100000000)
  region size 1024K, 11 young (11264K), 2 survivors (2048K)
 Metaspace       used 940K, committed 1088K, reserved 1114112K
  class space    used 80K, committed 128K, reserved 1048576K
}
Event: 1.502 GC heap after
{Heap after GC invocations=3 (full 0):
 garbage-first heap   total 59392K, used 27648K [0x00000000c6c00000, 0x0000000100000000)
  region size 1024K, 2 young (2048K), 2 survivors (2048K)
 Metaspace       used 940K, committed 1088K, reserved 1114112K
  class space    used 80K, committed 128K, reserved 1048576K
}
Event: 1.535 GC heap before
{Heap before GC invocations=3 (full 0):
 garbage-first heap   total 59392K, used 34816K [0x00000000c6c00000, 0x0000000100000000)
  region size 1024K, 9 young (9216K), 2 survivors (2048K)
 Metaspace       used 940K, committed 1088K, reserved 1114112K
  class space    used 80K, committed 128K, reserved 1048576K
}
Event: 1.548 GC heap after
{Heap after GC invocations=4 (full 0):
 garbage-first heap   total 59392K, used 32256K [0x00000000c6c00000, 0x0000000100000000)
  region size 1024K, 2 young (2048K), 2 survivors (2048K)
 Metaspace       used 940K, committed 1088K, reserved 1114112K
  class space    used 80K, committed 128K, reserved 1048576K
}
Event: 1.616 GC heap before
{Heap before GC invocations=4 (full 0):
 garbage-first heap   total 59392K, used 38400K [0x00000000c6c00000, 0x0000000100000000)
  region size 1024K, 8 young (8192K), 2 survivors (2048K)
 Metaspace       used 940K, committed 1088K, reserved 1114112K
  class space    used 80K, committed 128K, reserved 1048576K
}

Deoptimization events (20 events):
Event: 0.653 Thread 0x0000021b3c4ee8e0 DEOPT PACKING pc=0x0000021b461f8967 sp=0x00000073a89ff070
Event: 0.653 Thread 0x0000021b3c4ee8e0 DEOPT UNPACKING pc=0x0000021b4d762b43 sp=0x00000073a89fe490 mode 0
Event: 0.653 Thread 0x0000021b3c4ee8e0 DEOPT PACKING pc=0x0000021b461f8967 sp=0x00000073a89ff070
Event: 0.653 Thread 0x0000021b3c4ee8e0 DEOPT UNPACKING pc=0x0000021b4d762b43 sp=0x00000073a89fe490 mode 0
Event: 0.653 Thread 0x0000021b3c4ee8e0 DEOPT PACKING pc=0x0000021b461f8967 sp=0x00000073a89ff070
Event: 0.653 Thread 0x0000021b3c4ee8e0 DEOPT UNPACKING pc=0x0000021b4d762b43 sp=0x00000073a89fe490 mode 0
Event: 0.653 Thread 0x0000021b3c4ee8e0 DEOPT PACKING pc=0x0000021b461f8967 sp=0x00000073a89ff070
Event: 0.653 Thread 0x0000021b3c4ee8e0 DEOPT UNPACKING pc=0x0000021b4d762b43 sp=0x00000073a89fe490 mode 0
Event: 0.653 Thread 0x0000021b3c4ee8e0 DEOPT PACKING pc=0x0000021b461f8967 sp=0x00000073a89ff070
Event: 0.653 Thread 0x0000021b3c4ee8e0 DEOPT UNPACKING pc=0x0000021b4d762b43 sp=0x00000073a89fe490 mode 0
Event: 0.653 Thread 0x0000021b3c4ee8e0 DEOPT PACKING pc=0x0000021b461f8967 sp=0x00000073a89ff070
Event: 0.653 Thread 0x0000021b3c4ee8e0 DEOPT UNPACKING pc=0x0000021b4d762b43 sp=0x00000073a89fe490 mode 0
Event: 0.653 Thread 0x0000021b3c4ee8e0 DEOPT PACKING pc=0x0000021b461f8967 sp=0x00000073a89ff070
Event: 0.653 Thread 0x0000021b3c4ee8e0 DEOPT UNPACKING pc=0x0000021b4d762b43 sp=0x00000073a89fe490 mode 0
Event: 0.653 Thread 0x0000021b3c4ee8e0 DEOPT PACKING pc=0x0000021b461f8967 sp=0x00000073a89ff070
Event: 0.653 Thread 0x0000021b3c4ee8e0 DEOPT UNPACKING pc=0x0000021b4d762b43 sp=0x00000073a89fe490 mode 0
Event: 1.556 Thread 0x0000021b3c4ee8e0 Uncommon trap: trap_request=0xffffffcc fr.pc=0x0000021b4dcd1b08 relative=0x0000000000001788
Event: 1.556 Thread 0x0000021b3c4ee8e0 Uncommon trap: reason=intrinsic_or_type_checked_inlining action=make_not_entrant pc=0x0000021b4dcd1b08 method=java.util.ArrayList$SubList.toArray([Ljava/lang/Object;)[Ljava/lang/Object; @ 58 c2
Event: 1.556 Thread 0x0000021b3c4ee8e0 DEOPT PACKING pc=0x0000021b4dcd1b08 sp=0x00000073a89ff3b0
Event: 1.556 Thread 0x0000021b3c4ee8e0 DEOPT UNPACKING pc=0x0000021b4d7623a3 sp=0x00000073a89ff2e8 mode 2

Classes unloaded (0 events):
No events

Classes redefined (0 events):
No events

Internal exceptions (1 events):
Event: 0.345 Thread 0x0000021b3c4ee8e0 Exception <a 'java/lang/NoSuchMethodError'{0x00000000ca320e80}: 'void java.lang.invoke.DirectMethodHandle$Holder.invokeStatic(java.lang.Object, java.lang.Object)'> (0x00000000ca320e80) 
thrown [s\open\src\hotspot\share\interpreter\linkResolver.cpp, line 759]

VM Operations (13 events):
Event: 0.192 Executing VM operation: HandshakeAllThreads
Event: 0.192 Executing VM operation: HandshakeAllThreads done
Event: 0.585 Executing VM operation: G1CollectForAllocation
Event: 0.601 Executing VM operation: G1CollectForAllocation done
Event: 0.625 Executing VM operation: G1CollectForAllocation
Event: 0.637 Executing VM operation: G1CollectForAllocation done
Event: 0.643 Executing VM operation: HandshakeAllThreads
Event: 0.643 Executing VM operation: HandshakeAllThreads done
Event: 1.490 Executing VM operation: G1CollectForAllocation
Event: 1.502 Executing VM operation: G1CollectForAllocation done
Event: 1.535 Executing VM operation: G1CollectForAllocation
Event: 1.549 Executing VM operation: G1CollectForAllocation done
Event: 1.616 Executing VM operation: G1CollectForAllocation

Events (20 events):
Event: 0.474 loading class jdk/internal/reflect/MethodAccessorGenerator$1
Event: 0.474 loading class jdk/internal/reflect/MethodAccessorGenerator$1 done
Event: 0.475 loading class jdk/internal/reflect/ClassDefiner
Event: 0.475 loading class jdk/internal/reflect/ClassDefiner done
Event: 0.475 loading class jdk/internal/reflect/ClassDefiner$1
Event: 0.475 loading class jdk/internal/reflect/ClassDefiner$1 done
Event: 0.475 loading class jdk/internal/reflect/BootstrapConstructorAccessorImpl
Event: 0.475 loading class jdk/internal/reflect/BootstrapConstructorAccessorImpl done
Event: 0.486 loading class java/io/Reader
Event: 0.487 loading class java/io/Reader done
Event: 0.487 loading class java/io/InputStreamReader
Event: 0.487 loading class java/io/InputStreamReader done
Event: 0.487 loading class java/io/BufferedReader
Event: 0.487 loading class java/io/BufferedReader done
Event: 0.487 loading class sun/nio/cs/StreamDecoder
Event: 0.487 loading class sun/nio/cs/StreamDecoder done
Event: 0.488 loading class sun/nio/cs/UTF_8$Decoder
Event: 0.488 loading class sun/nio/cs/UTF_8$Decoder done
Event: 0.488 loading class java/io/BufferedReader$1
Event: 0.488 loading class java/io/BufferedReader$1 done


Dynamic libraries:
0x00007ff794900000 - 0x00007ff794910000 	D:\jdk-17\bin\java.exe
0x00007ffbe1b90000 - 0x00007ffbe1d88000 	C:\WINDOWS\SYSTEM32\ntdll.dll
0x00007ffbe1280000 - 0x00007ffbe1342000 	C:\WINDOWS\System32\KERNEL32.DLL
0x00007ffbdf750000 - 0x00007ffbdfa46000 	C:\WINDOWS\System32\KERNELBASE.dll
0x00007ffbdf5d0000 - 0x00007ffbdf6d0000 	C:\WINDOWS\System32\ucrtbase.dll
0x00007ffbd6d70000 - 0x00007ffbd6d8b000 	D:\jdk-17\bin\VCRUNTIME140.dll
0x00007ffbd0190000 - 0x00007ffbd01a9000 	D:\jdk-17\bin\jli.dll
0x00007ffbe0f90000 - 0x00007ffbe1041000 	C:\WINDOWS\System32\ADVAPI32.dll
0x00007ffbe1720000 - 0x00007ffbe17be000 	C:\WINDOWS\System32\msvcrt.dll
0x00007ffbe1050000 - 0x00007ffbe10ef000 	C:\WINDOWS\System32\sechost.dll
0x00007ffbe17f0000 - 0x00007ffbe1910000 	C:\WINDOWS\System32\RPCRT4.dll
0x00007ffbdf6d0000 - 0x00007ffbdf6f7000 	C:\WINDOWS\System32\bcrypt.dll
0x00007ffbe19a0000 - 0x00007ffbe1b41000 	C:\WINDOWS\System32\USER32.dll
0x00007ffbdf040000 - 0x00007ffbdf062000 	C:\WINDOWS\System32\win32u.dll
0x00007ffbe17c0000 - 0x00007ffbe17eb000 	C:\WINDOWS\System32\GDI32.dll
0x00007ffbdf070000 - 0x00007ffbdf189000 	C:\WINDOWS\System32\gdi32full.dll
0x00007ffbdef10000 - 0x00007ffbdefad000 	C:\WINDOWS\System32\msvcp_win.dll
0x00007ffbd33c0000 - 0x00007ffbd365b000 	C:\WINDOWS\WinSxS\amd64_microsoft.windows.common-controls_6595b64144ccf1df_6.0.19041.6456_none_60b8a6cb71f64256\COMCTL32.dll
0x00007ffbde890000 - 0x00007ffbde89a000 	C:\WINDOWS\SYSTEM32\VERSION.dll
0x00007ffbe11d0000 - 0x00007ffbe11ff000 	C:\WINDOWS\System32\IMM32.DLL
0x00007ffbdd9d0000 - 0x00007ffbdda01000 	C:\WINDOWS\system32\nvinitx.dll
0x000000000f000000 - 0x000000000f006000 	C:\Program Files\NVIDIA Corporation\CoProcManager\_etoured.dll
0x00007ffbd6cf0000 - 0x00007ffbd6d1d000 	C:\Program Files\NVIDIA Corporation\CoProcManager\nvd3d9wrapx.dll
0x00007ffbdfe70000 - 0x00007ffbe02e0000 	C:\WINDOWS\System32\SETUPAPI.dll
0x00007ffbdefc0000 - 0x00007ffbdf00e000 	C:\WINDOWS\System32\cfgmgr32.dll
0x00007ffbd6b80000 - 0x00007ffbd6ba2000 	C:\Program Files\NVIDIA Corporation\CoProcManager\nvdxgiwrapx.dll
0x0000000057df0000 - 0x0000000057dfd000 	E:\360 PC\360Safe\safemon\SafeWrapper.dll
0x00007ffbd4a80000 - 0x00007ffbd4b85000 	E:\360 PC\360Safe\safemon\libzdtp64.dll
0x00007ffbe0300000 - 0x00007ffbe0a70000 	C:\WINDOWS\System32\SHELL32.dll
0x00007ffbdfbe0000 - 0x00007ffbdfc3b000 	C:\WINDOWS\System32\SHLWAPI.dll
0x00007ffbd5440000 - 0x00007ffbd544c000 	D:\jdk-17\bin\vcruntime140_1.dll
0x00007ffbcc7f0000 - 0x00007ffbcc87e000 	D:\jdk-17\bin\msvcp140.dll
0x00007ffbaf8f0000 - 0x00007ffbb04d0000 	D:\jdk-17\bin\server\jvm.dll
0x00007ffbdfe60000 - 0x00007ffbdfe68000 	C:\WINDOWS\System32\PSAPI.DLL
0x00007ffbd0180000 - 0x00007ffbd0189000 	C:\WINDOWS\SYSTEM32\WSOCK32.dll
0x00007ffbd3660000 - 0x00007ffbd3687000 	C:\WINDOWS\SYSTEM32\WINMM.dll
0x00007ffbe1350000 - 0x00007ffbe13bb000 	C:\WINDOWS\System32\WS2_32.dll
0x00007ffbdf190000 - 0x00007ffbdf1a2000 	C:\WINDOWS\System32\kernel.appcore.dll
0x00007ffbd0170000 - 0x00007ffbd017a000 	D:\jdk-17\bin\jimage.dll
0x00007ffbcd930000 - 0x00007ffbcdb31000 	C:\WINDOWS\SYSTEM32\DBGHELP.DLL
0x00007ffbcd8f0000 - 0x00007ffbcd924000 	C:\WINDOWS\SYSTEM32\dbgcore.DLL
0x00007ffbdf4c0000 - 0x00007ffbdf542000 	C:\WINDOWS\System32\bcryptPrimitives.dll
0x00007ffbd0130000 - 0x00007ffbd0155000 	D:\jdk-17\bin\java.dll
0x00007ffbb5de0000 - 0x00007ffbb5eb7000 	D:\jdk-17\bin\jsvml.dll
0x00007ffbdd000000 - 0x00007ffbdd7a5000 	C:\WINDOWS\SYSTEM32\windows.storage.dll
0x00007ffbe13c0000 - 0x00007ffbe1714000 	C:\WINDOWS\System32\combase.dll
0x00007ffbde8e0000 - 0x00007ffbde90b000 	C:\WINDOWS\SYSTEM32\Wldp.dll
0x00007ffbdfa60000 - 0x00007ffbdfb2d000 	C:\WINDOWS\System32\OLEAUT32.dll
0x00007ffbe0c30000 - 0x00007ffbe0cdd000 	C:\WINDOWS\System32\SHCORE.dll
0x00007ffbdee40000 - 0x00007ffbdee64000 	C:\WINDOWS\SYSTEM32\profapi.dll
0x00007ffbcc7d0000 - 0x00007ffbcc7e9000 	D:\jdk-17\bin\net.dll
0x00007ffbd5320000 - 0x00007ffbd542a000 	C:\WINDOWS\SYSTEM32\WINHTTP.dll
0x00007ffbde5e0000 - 0x00007ffbde64a000 	C:\WINDOWS\system32\mswsock.dll
0x00007ffbcc7b0000 - 0x00007ffbcc7c6000 	D:\jdk-17\bin\nio.dll
0x00007ffbce5b0000 - 0x00007ffbce5c8000 	D:\jdk-17\bin\zip.dll

dbghelp: loaded successfully - version: 4.0.5 - missing functions: none
symbol engine: initialized successfully - sym options: 0x614 - pdb path: .;D:\jdk-17\bin;C:\WINDOWS\SYSTEM32;C:\WINDOWS\WinSxS\amd64_microsoft.windows.common-controls_6595b64144ccf1df_6.0.19041.6456_none_60b8a6cb71f64256;C:\Program Files\NVIDIA Corporation\CoProcManager;E:\360 PC\360Safe\safemon;D:\jdk-17\bin\server

VM Arguments:
jvm_args: -Dfile.encoding=UTF-8 -Duser.country=CN -Duser.language=zh -Duser.variant 
java_command: net.minecraftforge.fart.Main --input E:\MinecraftMODs\UmoiftNG\Main\1.00NG\build\libs\umoiftng-1.00(NG)(Umoift0.0.0.5).jar --output E:\MinecraftMODs\UmoiftNG\Main\1.00NG\build\reobfJar\output.jar --names E:\MinecraftMODs\UmoiftNG\Main\1.00NG\build\reobfJar\mappings.tsrg --lib C:\Users\Administrator\.gradle\caches\forge_gradle\minecraft_user_repo\net\minecraftforge\forge\1.20.1-47.4.10_mapped_official_1.20.1\forge-1.20.1-47.4.10_mapped_official_1.20.1.jar --lib C:\Users\Administrator\.gradle\caches\forge_gradle\minecraft_repo\versions\1.20.1\client-extra.jar --lib C:\Users\Administrator\.gradle\caches\modules-2\files-2.1\net.minecraftforge\fmlloader\1.20.1-47.4.10\55c46d27e7cfc8b829af8a28e562a7d290fa38b6\fmlloader-1.20.1-47.4.10.jar --lib C:\Users\Administrator\.gradle\caches\modules-2\files-2.1\net.minecraftforge\JarJarSelector\0.3.19\376cc9c8ea60720cf027c01fc033de915699801c\JarJarSelector-0.3.19.jar --lib C:\Users\Administrator\.gradle\caches\modules-2\files-2.1\net.minecraftforge\JarJarMetadata\0.3.19\83feaa9b770e6ac0e96ee4fc23fa89325c5fe2\JarJarMetadata-0.3.19.jar --lib C:\Users\Administrator\.gradle\caches\modules-2\files-2.1\com.google.guava\guava\31.1-jre\60458f877d055d0c9114d9e1a2efb737b4bc282c\guava-31.1-jre.jar --lib C:\Users\Administrator\.gradle\caches\modules-2\files-2.1\com.google.code.findbugs\jsr305\3.0.2\25ea2e8b0c338a877313bd4672d3fe056ea78f0d\jsr305-3.0.2.jar --lib C:\Users\Administrator\.gradle\caches\modules-2\files-2.1\ca.weblite\java-objc-bridge\1.1\1227f9e0666314f9de41477e3ec277e542ed7f7b\java-objc-bridge-1.1.jar --lib C:\Users\Administrator\.gradle\caches\modules-2\files-2.1\net.minecraftforge\forgespi\7.0.1\3b4972a0cdb135853dba219be61a79b22cff1309\forgespi-7.0.1.jar --lib C:\Users\Administrator\.gradle\caches\modules-2\files-2.1\net.minecraftforge\mergetool\1.1.5\f3da18e12c696d35a47c82cbb2cc8b5aa15e1154\mergetool-1.1.5-api.jar --lib C:\Users\Administrator\.gradle\caches\modules-2\files-2.1\org.jetbrains\annotations\24.0.1\13c
java_class_path (initial): C:\Users\Administrator\.gradle\caches\forge_gradle\maven_downloader\net\minecraftforge\ForgeAutoRenamingTool\1.0.6\ForgeAutoRenamingTool-1.0.6-all.jar
Launcher Type: SUN_STANDARD

[Global flags]
     intx CICompilerCount                          = 3                                         {product} {ergonomic}
     uint ConcGCThreads                            = 1                                         {product} {ergonomic}
     uint G1ConcRefinementThreads                  = 4                                         {product} {ergonomic}
   size_t G1HeapRegionSize                         = 1048576                                   {product} {ergonomic}
    uintx GCDrainStackTargetSize                   = 64                                        {product} {ergonomic}
   size_t InitialHeapSize                          = 60817408                                  {product} {ergonomic}
   size_t MarkStackSize                            = 4194304                                   {product} {ergonomic}
   size_t MaxHeapSize                              = 960495616                                 {product} {ergonomic}
   size_t MaxNewSize                               = 575668224                                 {product} {ergonomic}
   size_t MinHeapDeltaBytes                        = 1048576                                   {product} {ergonomic}
   size_t MinHeapSize                              = 8388608                                   {product} {ergonomic}
    uintx NonNMethodCodeHeapSize                   = 5832780                                {pd product} {ergonomic}
    uintx NonProfiledCodeHeapSize                  = 122912730                              {pd product} {ergonomic}
    uintx ProfiledCodeHeapSize                     = 122912730                              {pd product} {ergonomic}
    uintx ReservedCodeCacheSize                    = 251658240                              {pd product} {ergonomic}
     bool SegmentedCodeCache                       = true                                      {product} {ergonomic}
   size_t SoftMaxHeapSize                          = 960495616                              {manageable} {ergonomic}
     bool UseCompressedClassPointers               = true                           {product lp64_product} {ergonomic}
     bool UseCompressedOops                        = true                           {product lp64_product} {ergonomic}
     bool UseG1GC                                  = true                                      {product} {ergonomic}
     bool UseLargePagesIndividualAllocation        = false                                  {pd product} {ergonomic}

Logging:
Log output configuration:
 #0: stdout all=warning uptime,level,tags
 #1: stderr all=off uptime,level,tags

Environment Variables:
JAVA_HOME=D:\jdk-17
CLASSPATH=.;D:\jdk-17\lib\dt.jar;D:\jdk-17\lib\tools.jar
PATH=C:\Program Files\nodejs;E:\VMware Workstation Pro\bin\;E:\Vim\vim91\vim.exe;D:\jdk-17\bin;C:\Program Files\Common Files\Oracle\Java\javapath;C:\Program Files (x86)\Common Files\Oracle\Java\java8path;C:\Program Files (x86)\Common Files\Oracle\Java\javapath;E:\Python\Scripts\;E:\Python\;Data;C:\WINDOWS\system32;C:\WINDOWS;C:\WINDOWS\system32\wbem;E:\Code\Microsoft VS Code Insiders\bin;C:\Program Files\dotnet\;D:\visual studio code insiders\bin;C:\Program Files (x86)\NVIDIA Corporation\PhysX\Common;C:\Program Files\NVIDIA Corporation\NVIDIA NvDLISR;C:\Program Files (x86)\Windows Kits\10\Windows Performance Toolkit\;E:\x86_64-15.2.0-release-posix-seh-ucrt-rt_v13-rev0\mingw64\bin;E:\Git\cmd;D:\Data\\\(path);C:\Program Files\nodejs\;C:\Users\Administrator\AppData\Local\Programs\Python\Python38\Scripts\;C:\Users\Administrator\AppData\Local\Programs\Python\Python38\;D:\python\Scripts\;D:\python\;E:\PyCharm\PyCharm Community Edition 2024.1.4\bin;;C:\Users\Administrator\AppData\Local\Microsoft\WindowsApps;C:\Users\Administrator\.dotnet\tools;E:\PyCharm\PyCharm 2023.3.3\bin;;E:\IntelliJ IDEA 2023.3.4\bin;;D:\Microsoft Corporation\smartmontools\bin;D:\ideaIC-2024.3.win\bin\idea64.exe;C:\Users\Administrator\AppData\Roaming\npm
USERNAME=Admini
OS=Windows_NT
PROCESSOR_IDENTIFIER=Intel64 Family 6 Model 58 Stepping 9, GenuineIntel



---------------  S Y S T E M  ---------------

OS:
 Windows 10 , 64 bit Build 19041 (10.0.19041.5915)
OS uptime: 0 days 3:01 hours

CPU: total 4 (initial active 4) (2 cores per cpu, 2 threads per core) family 6 model 58 stepping 9 microcode 0x21, cx8, cmov, fxsr, ht, mmx, sse, sse2, sse3, ssse3, sse4.1, sse4.2, popcnt, tsc, tscinvbit, avx, aes, erms, clmul, vzeroupper, clflush

Memory: 4k page, system-wide physical 3661M (290M free)
TotalPageFile size 8333M (AvailPageFile size 6M)
current process WorkingSet (physical memory assigned to process): 87M, peak: 87M
current process commit charge ("private bytes"): 134M, peak: 208M

vm_info: Java HotSpot(TM) 64-Bit Server VM (17.0.12+8-LTS-286) for windows-amd64 JRE (17.0.12+8-LTS-286), built on Jun  5 2024 06:46:59 by "mach5one" with MS VC++ 17.6 (VS2022)

END.
